INFO 2026-01-10T17:05:27 BUY user='unknown' result='ERROR' amount=100.0000 rate=0.00 base='USD' currency='USD'
INFO 2026-01-10T17:05:32 REGISTER result='OK'
INFO 2026-01-10T17:05:41 LOGIN result='ERROR'
INFO 2026-01-10T17:05:46 LOGIN result='OK'
INFO 2026-01-10T17:05:52 BUY user='forexmaster' result='ERROR' amount=-50.0000 rate=0.00 base='USD' currency='EUR'
INFO 2026-01-10T17:05:57 BUY user='forexmaster' result='ERROR' amount=0.0000 rate=0.00 base='USD' currency='EUR'
INFO 2026-01-10T17:06:04 BUY user='forexmaster' result='ERROR' amount=100.0000 rate=0.00 base='USD' currency='ABC'
INFO 2026-01-10T17:06:08 BUY user='forexmaster' result='OK' amount=150.0000 rate=1.08 base='USD' currency='EUR'
INFO 2026-01-10T17:06:14 BUY user='forexmaster' result='ERROR' amount=80.0000 rate=0.00 base='USD' currency='GBP'
INFO 2026-01-10T17:06:23 SELL user='forexmaster' result='ERROR' amount=300.0000 rate=0.00 base='USD' currency='EUR'
INFO 2026-01-10T17:06:29 SELL user='forexmaster' result='ERROR' amount=50.0000 rate=0.00 base='USD' currency='JPY'
INFO 2026-01-10T17:06:34 SELL user='forexmaster' result='ERROR' amount=-20.0000 rate=0.00 base='USD' currency='GBP'
INFO 2026-01-10T17:06:41 SELL user='forexmaster' result='OK' amount=40.0000 rate=1.08 base='USD' currency='EUR'
INFO 2026-01-10T17:06:57 REGISTER result='ERROR'
INFO 2026-01-10T17:07:02 REGISTER result='ERROR'
INFO 2026-01-10T17:07:08 REGISTER result='ERROR'
INFO 2026-01-10T17:07:13 LOGIN result='ERROR'
INFO 2026-01-10T17:14:42 REGISTER result='OK' user='investor2024'
INFO 2026-01-10T17:14:49 LOGIN result='OK' user='investor2024'
INFO 2026-01-10T17:14:55 BUY result='ERROR' user='investor2024'
INFO 2026-01-10T17:21:25 LOGIN result='OK' user='investor2024'
INFO 2026-01-10T17:21:31 BUY result='OK' amount=200.0000 rate=1.00 base='USD' wallet_before={} wallet_after={'USD': 200.0} currency='USD'
INFO 2026-01-10T17:21:37 SELL result='OK' amount=50.0000 rate=1.00 base='USD' wallet_before={'USD': 200.0} wallet_after={'USD': 150.0} currency='USD'
INFO 2026-01-10T17:21:47 BUY result='OK' amount=100.0000 rate=1.08 base='USD' wallet_before={'USD': 150.0} wallet_after={'USD': 150.0, 'EUR': 100.0} currency='EUR'
